<?xml version="1.0" encoding="UTF-8"?>
<!-- Generated by org.testng.reporters.JUnitXMLReporter -->
<testsuite ignored="0" hostname="DESKTOP-0SS9PSC" failures="0" tests="3" name="Command line test" time="144.667" errors="0" timestamp="2020-07-17T16:43:50 EEST">
  <testcase classname="TestsSearchCriteriaFiltersAndMap" name="testValidateSearchCriteria" time="44.328"/>
  <testcase classname="TestsSearchCriteriaFiltersAndMap" name="testValidateDetailsPageExtraFilters" time="58.224"/>
  <testcase classname="TestsSearchCriteriaFiltersAndMap" name="testValidatePropertyMap" time="42.014"/>
</testsuite> <!-- Command line test -->
