<?xml version="1.0" encoding="UTF-8"?>
<testng-results ignored="0" total="3" passed="3" failed="0" skipped="0">
  <reporter-output>
  </reporter-output>
  <suite started-at="2020-07-17T16:41:25 EEST" name="TestsSearchCriteriaFiltersAndMap" finished-at="2020-07-17T16:43:50 EEST" duration-ms="144667">
    <groups>
    </groups>
    <test started-at="2020-07-17T16:41:25 EEST" name="Command line test" finished-at="2020-07-17T16:43:50 EEST" duration-ms="144667">
      <class name="TestsSearchCriteriaFiltersAndMap">
        <test-method signature="testValidateSearchCriteria()[pri:0, instance:TestsSearchCriteriaFiltersAndMap@69b0fd6f]" started-at="2020-07-17T16:41:25 EEST" name="testValidateSearchCriteria" finished-at="2020-07-17T16:42:10 EEST" duration-ms="44328" status="PASS">
          <reporter-output>
          </reporter-output>
        </test-method> <!-- testValidateSearchCriteria -->
        <test-method signature="testValidateDetailsPageExtraFilters()[pri:1, instance:TestsSearchCriteriaFiltersAndMap@69b0fd6f]" started-at="2020-07-17T16:42:10 EEST" name="testValidateDetailsPageExtraFilters" finished-at="2020-07-17T16:43:08 EEST" duration-ms="58224" status="PASS">
          <reporter-output>
          </reporter-output>
        </test-method> <!-- testValidateDetailsPageExtraFilters -->
        <test-method signature="testValidatePropertyMap()[pri:2, instance:TestsSearchCriteriaFiltersAndMap@69b0fd6f]" started-at="2020-07-17T16:43:08 EEST" name="testValidatePropertyMap" finished-at="2020-07-17T16:43:50 EEST" duration-ms="42014" status="PASS">
          <reporter-output>
          </reporter-output>
        </test-method> <!-- testValidatePropertyMap -->
      </class> <!-- TestsSearchCriteriaFiltersAndMap -->
    </test> <!-- Command line test -->
  </suite> <!-- TestsSearchCriteriaFiltersAndMap -->
</testng-results>
